<?xml version="1.0" encoding="UTF-8"?>
<testsuites>
    <testsuite name="login-page-test;i-see-login-page" tests="2" failures="0" skipped="0">
        <properties>
            <property name="URI" value="D:/Cucumber/try3/features/login_page_test.feature">
            </property>
        </properties>
        <testcase name="Given I open sign in page" classname="login-page-test;i-see-login-page" time="4.50643387">
        </testcase>
        <testcase name="Then I should see title &quot;LOGIN TO YOUR ACCOUNT&quot;" classname="login-page-test;i-see-login-page" time="0.230197081">
        </testcase>
    </testsuite>
    <testsuite name="login-page-test;logged-in-successfull-as-admin" tests="3" failures="0" skipped="0">
        <properties>
            <property name="URI" value="D:/Cucumber/try3/features/login_page_test.feature">
            </property>
        </properties>
        <testcase name="Given I open sign in page" classname="login-page-test;logged-in-successfull-as-admin" time="3.64760894">
        </testcase>
        <testcase name="When I logged in on page" classname="login-page-test;logged-in-successfull-as-admin" time="0.455125073">
        </testcase>
        <testcase name="Then I should see profile name &quot;admin&quot;" classname="login-page-test;logged-in-successfull-as-admin" time="2.290004217">
        </testcase>
    </testsuite>
    <testsuite name="login-page-test;try-to-log-in-with-empty-fields" tests="3" failures="0" skipped="0">
        <properties>
            <property name="URI" value="D:/Cucumber/try3/features/login_page_test.feature">
            </property>
        </properties>
        <testcase name="Given I open sign in page" classname="login-page-test;try-to-log-in-with-empty-fields" time="3.606139508">
        </testcase>
        <testcase name="When I don&apos;t fill in fields" classname="login-page-test;try-to-log-in-with-empty-fields" time="0.330489801">
        </testcase>
        <testcase name="Then I shouldn&apos;t be able to click" classname="login-page-test;try-to-log-in-with-empty-fields" time="0.014348646">
        </testcase>
    </testsuite>
    <testsuite name="login-page-test;check-validation" tests="3" failures="0" skipped="0">
        <properties>
            <property name="URI" value="D:/Cucumber/try3/features/login_page_test.feature">
            </property>
        </properties>
        <testcase name="Given I open sign in page" classname="login-page-test;check-validation" time="3.532654092">
        </testcase>
        <testcase name="When I fill in fields with incorrect data" classname="login-page-test;check-validation" time="0.447939314">
        </testcase>
        <testcase name="Then I shoul see an error message &quot;Incorrect password or e-mail entered. Please try again.&quot;" classname="login-page-test;check-validation" time="0.511932865">
        </testcase>
    </testsuite>
    <testsuite name="login-page-test;logged-in-successfull-as-manager" tests="3" failures="0" skipped="0">
        <properties>
            <property name="URI" value="D:/Cucumber/try3/features/login_page_test.feature">
            </property>
        </properties>
        <testcase name="Given I open sign in page" classname="login-page-test;logged-in-successfull-as-manager" time="3.754988889">
        </testcase>
        <testcase name="When I logged in as a manager" classname="login-page-test;logged-in-successfull-as-manager" time="0.423679459">
        </testcase>
        <testcase name="Then I should see profile name &quot;manager&quot;" classname="login-page-test;logged-in-successfull-as-manager" time="2.195542742">
        </testcase>
    </testsuite>
    <testsuite name="login-page-test;logged-in-successfull-as-viewer" tests="3" failures="0" skipped="0">
        <properties>
            <property name="URI" value="D:/Cucumber/try3/features/login_page_test.feature">
            </property>
        </properties>
        <testcase name="Given I open sign in page" classname="login-page-test;logged-in-successfull-as-viewer" time="3.656679994">
        </testcase>
        <testcase name="When I logged in as a viewer" classname="login-page-test;logged-in-successfull-as-viewer" time="0.42688613">
        </testcase>
        <testcase name="Then I should see profile name &quot;viewer&quot;" classname="login-page-test;logged-in-successfull-as-viewer" time="3.630733374">
        </testcase>
    </testsuite>
    <testsuite name="test-partners-tab;create-new-partner" tests="4" failures="0" skipped="0">
        <properties>
            <property name="@partner" value="true">
            </property>
            <property name="@api" value="true">
            </property>
            <property name="@createPartner" value="true">
            </property>
            <property name="URI" value="D:/Cucumber/try3/features/partners_test.feature">
            </property>
        </properties>
        <testcase name="Given I am logged in in app" classname="test-partners-tab;create-new-partner" time="4.230554257">
        </testcase>
        <testcase name="When I open Add Partner form and fill in all field" classname="test-partners-tab;create-new-partner" time="1.750925638">
        </testcase>
        <testcase name="Then I should see created partner" classname="test-partners-tab;create-new-partner" time="1.02702812">
        </testcase>
        <testcase name="And I delete created partner with API" classname="test-partners-tab;create-new-partner" time="0.355656674">
        </testcase>
    </testsuite>
    <testsuite name="test-partners-tab;edit-created-partner" tests="5" failures="0" skipped="0">
        <properties>
            <property name="@partner" value="true">
            </property>
            <property name="@api" value="true">
            </property>
            <property name="URI" value="D:/Cucumber/try3/features/partners_test.feature">
            </property>
        </properties>
        <testcase name="Given I am logged in in app" classname="test-partners-tab;edit-created-partner" time="4.104687048">
        </testcase>
        <testcase name="Given I have created partner with API" classname="test-partners-tab;edit-created-partner" time="0.000558052">
        </testcase>
        <testcase name="When I edit partner&apos;s info" classname="test-partners-tab;edit-created-partner" time="2.702239069">
        </testcase>
        <testcase name="Then I should see edited partner with new data" classname="test-partners-tab;edit-created-partner" time="1.169994938">
        </testcase>
        <testcase name="And I delete created partner with API" classname="test-partners-tab;edit-created-partner" time="0.349777044">
        </testcase>
    </testsuite>
    <testsuite name="test-partners-tab;copy-created-partner" tests="6" failures="0" skipped="0">
        <properties>
            <property name="@partner" value="true">
            </property>
            <property name="@api" value="true">
            </property>
            <property name="URI" value="D:/Cucumber/try3/features/partners_test.feature">
            </property>
        </properties>
        <testcase name="Given I am logged in in app" classname="test-partners-tab;copy-created-partner" time="4.12076322">
        </testcase>
        <testcase name="Given I have created partner with API" classname="test-partners-tab;copy-created-partner" time="0.000716406">
        </testcase>
        <testcase name="When I click copy and see Edit form" classname="test-partners-tab;copy-created-partner" time="2.60446242">
        </testcase>
        <testcase name="Then I save changes" classname="test-partners-tab;copy-created-partner" time="0.000299993">
        </testcase>
        <testcase name="And I should see copied partner" classname="test-partners-tab;copy-created-partner" time="1.146362341">
        </testcase>
        <testcase name="And I delete created partner with API" classname="test-partners-tab;copy-created-partner" time="0.319693567">
        </testcase>
    </testsuite>
    <testsuite name="test-partners-tab;delete-created-partner" tests="4" failures="0" skipped="0">
        <properties>
            <property name="@partner" value="true">
            </property>
            <property name="@api" value="true">
            </property>
            <property name="URI" value="D:/Cucumber/try3/features/partners_test.feature">
            </property>
        </properties>
        <testcase name="Given I am logged in in app" classname="test-partners-tab;delete-created-partner" time="4.103532529">
        </testcase>
        <testcase name="Given I have created partner with API" classname="test-partners-tab;delete-created-partner" time="0.000437233">
        </testcase>
        <testcase name="When I choose delete created partner" classname="test-partners-tab;delete-created-partner" time="2.425129279">
        </testcase>
        <testcase name="Then I shouldn&apos;t see deleted partner" classname="test-partners-tab;delete-created-partner" time="0.853129753">
        </testcase>
    </testsuite>
    <testsuite name="test-processing-points;create-new-processing-point" tests="5" failures="0" skipped="0">
        <properties>
            <property name="@process" value="true">
            </property>
            <property name="@processCreate" value="true">
            </property>
            <property name="URI" value="D:/Cucumber/try3/features/processing_points_test.feature">
            </property>
        </properties>
        <testcase name="Given I am logged in in app as admin" classname="test-processing-points;create-new-processing-point" time="4.055516912">
        </testcase>
        <testcase name="When I field in all required fields" classname="test-processing-points;create-new-processing-point" time="0.00221901">
        </testcase>
        <testcase name="And I click button for create process" classname="test-processing-points;create-new-processing-point" time="0.000131669">
        </testcase>
        <testcase name="Then I should see created processing point" classname="test-processing-points;create-new-processing-point" time="6.219626061">
        </testcase>
        <testcase name="And I delete created process with API" classname="test-processing-points;create-new-processing-point" time="0.276705107">
        </testcase>
    </testsuite>
    <testsuite name="test-processing-points;edit-created-processing-poin" tests="6" failures="0" skipped="0">
        <properties>
            <property name="@process" value="true">
            </property>
            <property name="@processEdit" value="true">
            </property>
            <property name="URI" value="D:/Cucumber/try3/features/processing_points_test.feature">
            </property>
        </properties>
        <testcase name="Given I am logged in in app as admin" classname="test-processing-points;edit-created-processing-poin" time="4.059941737">
        </testcase>
        <testcase name="When I create new process with API" classname="test-processing-points;edit-created-processing-poin" time="0.000827547">
        </testcase>
        <testcase name="Then I edit some info in process point" classname="test-processing-points;edit-created-processing-poin" time="0.000762739">
        </testcase>
        <testcase name="And I click button for save edited process" classname="test-processing-points;edit-created-processing-poin" time="0.000152196">
        </testcase>
        <testcase name="Then I should see edit processing point" classname="test-processing-points;edit-created-processing-poin" time="4.837671455">
        </testcase>
        <testcase name="And I delete created process with API" classname="test-processing-points;edit-created-processing-poin" time="0.352649705">
        </testcase>
    </testsuite>
    <testsuite name="test-processing-points;copy-created-process" tests="6" failures="0" skipped="0">
        <properties>
            <property name="@process" value="true">
            </property>
            <property name="URI" value="D:/Cucumber/try3/features/processing_points_test.feature">
            </property>
        </properties>
        <testcase name="Given I am logged in in app as admin" classname="test-processing-points;copy-created-process" time="4.076008818">
        </testcase>
        <testcase name="When I create new process with API" classname="test-processing-points;copy-created-process" time="0.00054075">
        </testcase>
        <testcase name="Then I push copy icon" classname="test-processing-points;copy-created-process" time="3.025559532">
        </testcase>
        <testcase name="And I click button for save edited process" classname="test-processing-points;copy-created-process" time="0.000137827">
        </testcase>
        <testcase name="Then I should see copied process" classname="test-processing-points;copy-created-process" time="1.401571166">
        </testcase>
        <testcase name="And I delete created process with API" classname="test-processing-points;copy-created-process" time="0.363277615">
        </testcase>
    </testsuite>
    <testsuite name="test-processing-points;delete-created-process" tests="4" failures="0" skipped="0">
        <properties>
            <property name="@process" value="true">
            </property>
            <property name="@processDelete" value="true">
            </property>
            <property name="URI" value="D:/Cucumber/try3/features/processing_points_test.feature">
            </property>
        </properties>
        <testcase name="Given I am logged in in app as admin" classname="test-processing-points;delete-created-process" time="4.059819453">
        </testcase>
        <testcase name="When I create new process with API" classname="test-processing-points;delete-created-process" time="0.000514358">
        </testcase>
        <testcase name="And I click on delete icon" classname="test-processing-points;delete-created-process" time="3.094152978">
        </testcase>
        <testcase name="Then I shouldn&apos;t see created process" classname="test-processing-points;delete-created-process" time="1.374172379">
        </testcase>
    </testsuite>
    <testsuite name="test-users-tab;create-new-user" tests="4" failures="0" skipped="0">
        <properties>
            <property name="@user" value="true">
            </property>
            <property name="@api" value="true">
            </property>
            <property name="@userCreate" value="true">
            </property>
            <property name="URI" value="D:/Cucumber/try3/features/user_tab_test.feature">
            </property>
        </properties>
        <testcase name="Given I am logged in" classname="test-users-tab;create-new-user" time="3.961297073">
        </testcase>
        <testcase name="When I open Add user form and fill in all field with valid date" classname="test-users-tab;create-new-user" time="2.261657358">
        </testcase>
        <testcase name="Then I should see created user" classname="test-users-tab;create-new-user" time="1.45917806">
        </testcase>
        <testcase name="And I delete created user with api" classname="test-users-tab;create-new-user" time="0.333553367">
        </testcase>
    </testsuite>
    <testsuite name="test-users-tab;edit-created-user" tests="5" failures="0" skipped="0">
        <properties>
            <property name="@user" value="true">
            </property>
            <property name="@api" value="true">
            </property>
            <property name="@userEdit" value="true">
            </property>
            <property name="URI" value="D:/Cucumber/try3/features/user_tab_test.feature">
            </property>
        </properties>
        <testcase name="Given I am logged in" classname="test-users-tab;edit-created-user" time="4.056606917">
        </testcase>
        <testcase name="Given I have created user with api" classname="test-users-tab;edit-created-user" time="0.000713181">
        </testcase>
        <testcase name="When I edit user name" classname="test-users-tab;edit-created-user" time="3.779961045">
        </testcase>
        <testcase name="Then I should see edited user" classname="test-users-tab;edit-created-user" time="1.218739571">
        </testcase>
        <testcase name="And I delete created user with api" classname="test-users-tab;edit-created-user" time="0.328097187">
        </testcase>
    </testsuite>
    <testsuite name="test-users-tab;delete-created-user" tests="4" failures="0" skipped="0">
        <properties>
            <property name="@user" value="true">
            </property>
            <property name="@api" value="true">
            </property>
            <property name="URI" value="D:/Cucumber/try3/features/user_tab_test.feature">
            </property>
        </properties>
        <testcase name="Given I am logged in" classname="test-users-tab;delete-created-user" time="4.006593104">
        </testcase>
        <testcase name="Given I have created user with api" classname="test-users-tab;delete-created-user" time="0.000432541">
        </testcase>
        <testcase name="When I choose delete created user" classname="test-users-tab;delete-created-user" time="2.416704252">
        </testcase>
        <testcase name="Then I shouldn&apos;t see deleted user" classname="test-users-tab;delete-created-user" time="1.027325475">
        </testcase>
    </testsuite>
</testsuites>