<?xml version="1.0" encoding="UTF-8"?>
<testsuites>
    <testsuite name="test-users-tab;delete-created-user" tests="3" failures="0" skipped="0">
        <properties>
            <property name="URI" value="D:\Cucumber\try3\features\user_tab_test.feature">
            </property>
        </properties>
        <testcase name="Given I have created user with api" classname="test-users-tab;delete-created-user" time="0.0013334">
        </testcase>
        <testcase name="When I choose delete created user" classname="test-users-tab;delete-created-user" time="1.558042333">
        </testcase>
        <testcase name="Then I shouldn&apos;t see deleted user" classname="test-users-tab;delete-created-user" time="0.000058942">
        </testcase>
    </testsuite>
</testsuites>