<?xml version="1.0" encoding="UTF-8"?>
<testsuites>
    <testsuite name="test-partners-tab;create-new-partner" tests="4" failures="0" skipped="0">
        <properties>
            <property name="@partner" value="true">
            </property>
            <property name="@api" value="true">
            </property>
            <property name="@createPartner" value="true">
            </property>
            <property name="URI" value="D:/Cucumber/try3/features/partners_test.feature">
            </property>
        </properties>
        <testcase name="Given I am logged in in app" classname="test-partners-tab;create-new-partner" time="4.670513499">
        </testcase>
        <testcase name="When I open Add Partner form and fill in all field" classname="test-partners-tab;create-new-partner" time="1.623633352">
        </testcase>
        <testcase name="Then I should see created partner" classname="test-partners-tab;create-new-partner" time="1.154141297">
        </testcase>
        <testcase name="And I delete created partner with API" classname="test-partners-tab;create-new-partner" time="0.296809839">
        </testcase>
    </testsuite>
</testsuites>